0 info it worked if it ends with ok
1 verbose cli [ '/usr/bin/nodejs', '/usr/local/bin/npm', 'start' ]
2 info using npm@3.5.2
3 info using node@v4.2.6
4 verbose run-script [ 'prestart', 'start', 'poststart' ]
5 info lifecycle ng-styleguide@0.0.1~prestart: ng-styleguide@0.0.1
6 silly lifecycle ng-styleguide@0.0.1~prestart: no script for prestart, continuing
7 info lifecycle ng-styleguide@0.0.1~start: ng-styleguide@0.0.1
8 verbose lifecycle ng-styleguide@0.0.1~start: unsafe-perm in lifecycle true
9 verbose lifecycle ng-styleguide@0.0.1~start: PATH: /usr/share/npm/bin/node-gyp-bin:/var/www/html/ng-styleguide/node_modules/.bin:/usr/local/sbin:/usr/local/bin:/usr/sbin:/usr/bin:/sbin:/bin:/usr/games:/usr/local/games:/snap/bin:/home/clement/.rvm/bin
10 verbose lifecycle ng-styleguide@0.0.1~start: CWD: /var/www/html/ng-styleguide
11 silly lifecycle ng-styleguide@0.0.1~start: Args: [ '-c', 'webpack-dev-server --inline --progress --port 8080' ]
12 silly lifecycle ng-styleguide@0.0.1~start: Returned: code: 1  signal: null
13 info lifecycle ng-styleguide@0.0.1~start: Failed to exec start script
14 verbose stack Error: ng-styleguide@0.0.1 start: `webpack-dev-server --inline --progress --port 8080`
14 verbose stack Exit status 1
14 verbose stack     at EventEmitter.<anonymous> (/usr/share/npm/lib/utils/lifecycle.js:232:16)
14 verbose stack     at emitTwo (events.js:87:13)
14 verbose stack     at EventEmitter.emit (events.js:172:7)
14 verbose stack     at ChildProcess.<anonymous> (/usr/share/npm/lib/utils/spawn.js:24:14)
14 verbose stack     at emitTwo (events.js:87:13)
14 verbose stack     at ChildProcess.emit (events.js:172:7)
14 verbose stack     at maybeClose (internal/child_process.js:821:16)
14 verbose stack     at Process.ChildProcess._handle.onexit (internal/child_process.js:211:5)
15 verbose pkgid ng-styleguide@0.0.1
16 verbose cwd /var/www/html/ng-styleguide
17 error Linux 4.4.0-24-generic
18 error argv "/usr/bin/nodejs" "/usr/local/bin/npm" "start"
19 error node v4.2.6
20 error npm  v3.5.2
21 error code ELIFECYCLE
22 error ng-styleguide@0.0.1 start: `webpack-dev-server --inline --progress --port 8080`
22 error Exit status 1
23 error Failed at the ng-styleguide@0.0.1 start script 'webpack-dev-server --inline --progress --port 8080'.
23 error Make sure you have the latest version of node.js and npm installed.
23 error If you do, this is most likely a problem with the ng-styleguide package,
23 error not with npm itself.
23 error Tell the author that this fails on your system:
23 error     webpack-dev-server --inline --progress --port 8080
23 error You can get information on how to open an issue for this project with:
23 error     npm bugs ng-styleguide
23 error Or if that isn't available, you can get their info via:
23 error     npm owner ls ng-styleguide
23 error There is likely additional logging output above.
24 verbose exit [ 1, true ]
